INFO 2022-08-03 17:51:03,015 Auth info was exported to ./.tmp/auth_info.json api\debug\debug.cpp:14 aroly@AROLISG
ERROR 2022-08-03 17:51:03,786 Unable to open ./www/favicon.ico api\debug\debug.cpp:16 aroly@AROLISG
INFO 2022-08-03 18:03:53,178 Auth info was exported to ./.tmp/auth_info.json api\debug\debug.cpp:14 aroly@AROLISG
ERROR 2022-08-03 18:03:53,387 Unable to open ./www/icon.png api\debug\debug.cpp:16 aroly@AROLISG
ERROR 2022-08-03 18:03:53,709 Unable to open ./www/index.html api\debug\debug.cpp:16 aroly@AROLISG
INFO 2022-08-03 18:04:30,783 Auth info was exported to ./.tmp/auth_info.json api\debug\debug.cpp:14 aroly@AROLISG
ERROR 2022-08-03 18:04:30,983 Unable to open ./www/icon.png api\debug\debug.cpp:16 aroly@AROLISG
ERROR 2022-08-03 18:04:31,304 Unable to open ./www/index.html api\debug\debug.cpp:16 aroly@AROLISG
INFO 2022-08-03 18:09:45,875 Auth info was exported to ./.tmp/auth_info.json api\debug\debug.cpp:14 aroly@AROLISG
ERROR 2022-08-03 18:09:46,089 Unable to open ./www/icon.png api\debug\debug.cpp:16 aroly@AROLISG
ERROR 2022-08-03 18:09:46,411 Unable to open ./www/index.html api\debug\debug.cpp:16 aroly@AROLISG
INFO 2022-08-03 18:11:52,700 Auth info was exported to ./.tmp/auth_info.json api\debug\debug.cpp:14 aroly@AROLISG
ERROR 2022-08-03 18:11:52,912 Unable to open ./www/icon.png api\debug\debug.cpp:16 aroly@AROLISG
ERROR 2022-08-03 18:11:53,225 Unable to open ./www/index.html api\debug\debug.cpp:16 aroly@AROLISG
INFO 2022-08-03 18:12:46,513 Auth info was exported to ./.tmp/auth_info.json api\debug\debug.cpp:14 aroly@AROLISG
ERROR 2022-08-03 18:12:46,733 Unable to open ./www/icon.png api\debug\debug.cpp:16 aroly@AROLISG
ERROR 2022-08-03 18:12:47,050 Unable to open ./www/index.html api\debug\debug.cpp:16 aroly@AROLISG
INFO 2022-08-03 18:13:07,902 Auth info was exported to ./.tmp/auth_info.json api\debug\debug.cpp:14 aroly@AROLISG
ERROR 2022-08-03 18:13:08,111 Unable to open ./www/icon.png api\debug\debug.cpp:16 aroly@AROLISG
ERROR 2022-08-03 18:13:08,425 Unable to open ./www/index.html api\debug\debug.cpp:16 aroly@AROLISG
INFO 2022-08-03 18:13:28,920 Auth info was exported to ./.tmp/auth_info.json api\debug\debug.cpp:14 aroly@AROLISG
ERROR 2022-08-03 18:13:29,139 Unable to open ./www/icon.png api\debug\debug.cpp:16 aroly@AROLISG
ERROR 2022-08-03 18:13:29,447 Unable to open ./www/index.html api\debug\debug.cpp:16 aroly@AROLISG
INFO 2022-08-03 18:17:50,312 Auth info was exported to ./.tmp/auth_info.json api\debug\debug.cpp:14 aroly@AROLISG
ERROR 2022-08-03 18:17:50,528 Unable to open ./www/icon.png api\debug\debug.cpp:16 aroly@AROLISG
ERROR 2022-08-03 18:17:50,837 Unable to open ./www/index.html api\debug\debug.cpp:16 aroly@AROLISG
INFO 2022-08-03 18:18:14,640 Auth info was exported to ./.tmp/auth_info.json api\debug\debug.cpp:14 aroly@AROLISG
ERROR 2022-08-03 18:18:14,847 Unable to open ./www/icon.png api\debug\debug.cpp:16 aroly@AROLISG
ERROR 2022-08-03 18:18:15,166 Unable to open ./www/index.html api\debug\debug.cpp:16 aroly@AROLISG
INFO 2022-08-03 18:19:05,422 Auth info was exported to ./.tmp/auth_info.json api\debug\debug.cpp:14 aroly@AROLISG
ERROR 2022-08-03 18:19:05,624 Unable to open ./www/icon.png api\debug\debug.cpp:16 aroly@AROLISG
ERROR 2022-08-03 18:19:05,931 Unable to open ./www/index.html api\debug\debug.cpp:16 aroly@AROLISG
INFO 2022-08-03 18:19:30,623 Auth info was exported to ./.tmp/auth_info.json api\debug\debug.cpp:14 aroly@AROLISG
ERROR 2022-08-03 18:19:30,818 Unable to open ./www/icon.png api\debug\debug.cpp:16 aroly@AROLISG
ERROR 2022-08-03 18:19:31,132 Unable to open ./www/index.html api\debug\debug.cpp:16 aroly@AROLISG
INFO 2022-08-03 18:23:53,186 Auth info was exported to ./.tmp/auth_info.json api\debug\debug.cpp:14 aroly@AROLISG
ERROR 2022-08-03 18:23:53,392 Unable to open ./www/icon.png api\debug\debug.cpp:16 aroly@AROLISG
ERROR 2022-08-03 18:23:53,706 Unable to open ./www/index.html api\debug\debug.cpp:16 aroly@AROLISG
INFO 2022-08-03 18:25:11,955 Auth info was exported to ./.tmp/auth_info.json api\debug\debug.cpp:14 aroly@AROLISG
ERROR 2022-08-03 18:25:12,167 Unable to open ./www/icon.png api\debug\debug.cpp:16 aroly@AROLISG
ERROR 2022-08-03 18:25:12,478 Unable to open ./www/index.html api\debug\debug.cpp:16 aroly@AROLISG
INFO 2022-08-03 18:26:27,621 Auth info was exported to ./.tmp/auth_info.json api\debug\debug.cpp:14 aroly@AROLISG
ERROR 2022-08-03 18:26:27,828 Unable to open ./www/icon.png api\debug\debug.cpp:16 aroly@AROLISG
ERROR 2022-08-03 18:26:28,139 Unable to open ./www/index.html api\debug\debug.cpp:16 aroly@AROLISG
INFO 2022-08-03 18:28:26,916 Auth info was exported to ./.tmp/auth_info.json api\debug\debug.cpp:14 aroly@AROLISG
ERROR 2022-08-03 18:28:27,123 Unable to open ./www/icon.png api\debug\debug.cpp:16 aroly@AROLISG
ERROR 2022-08-03 18:28:27,436 Unable to open ./www/index.html api\debug\debug.cpp:16 aroly@AROLISG
INFO 2022-08-03 18:29:41,336 Auth info was exported to ./.tmp/auth_info.json api\debug\debug.cpp:14 aroly@AROLISG
ERROR 2022-08-03 18:29:41,550 Unable to open ./www/icon.png api\debug\debug.cpp:16 aroly@AROLISG
ERROR 2022-08-03 18:29:41,872 Unable to open ./www/index.html api\debug\debug.cpp:16 aroly@AROLISG
INFO 2022-08-03 18:32:37,110 Auth info was exported to ./.tmp/auth_info.json api\debug\debug.cpp:14 aroly@AROLISG
ERROR 2022-08-03 18:32:37,339 Unable to open ./www/icon.png api\debug\debug.cpp:16 aroly@AROLISG
INFO 2022-08-03 18:32:37,420 Auth info was exported to ./.tmp/auth_info.json api\debug\debug.cpp:14 aroly@AROLISG
ERROR 2022-08-03 18:32:37,590 Unable to open ./www/icon.png api\debug\debug.cpp:16 aroly@AROLISG
ERROR 2022-08-03 18:32:37,656 Unable to open ./www/index.html api\debug\debug.cpp:16 aroly@AROLISG
INFO 2022-08-03 18:32:37,711 Auth info was exported to ./.tmp/auth_info.json api\debug\debug.cpp:14 aroly@AROLISG
ERROR 2022-08-03 18:32:37,895 Unable to open ./www/icon.png api\debug\debug.cpp:16 aroly@AROLISG
ERROR 2022-08-03 18:32:37,905 Unable to open ./www/index.html api\debug\debug.cpp:16 aroly@AROLISG
INFO 2022-08-03 18:32:38,037 Auth info was exported to ./.tmp/auth_info.json api\debug\debug.cpp:14 aroly@AROLISG
ERROR 2022-08-03 18:32:38,206 Unable to open ./www/icon.png api\debug\debug.cpp:16 aroly@AROLISG
ERROR 2022-08-03 18:32:38,220 Unable to open ./www/index.html api\debug\debug.cpp:16 aroly@AROLISG
INFO 2022-08-03 18:32:38,339 Auth info was exported to ./.tmp/auth_info.json api\debug\debug.cpp:14 aroly@AROLISG
ERROR 2022-08-03 18:32:38,506 Unable to open ./www/icon.png api\debug\debug.cpp:16 aroly@AROLISG
ERROR 2022-08-03 18:32:38,517 Unable to open ./www/index.html api\debug\debug.cpp:16 aroly@AROLISG
INFO 2022-08-03 18:32:38,636 Auth info was exported to ./.tmp/auth_info.json api\debug\debug.cpp:14 aroly@AROLISG
ERROR 2022-08-03 18:32:38,800 Unable to open ./www/icon.png api\debug\debug.cpp:16 aroly@AROLISG
ERROR 2022-08-03 18:32:38,824 Unable to open ./www/index.html api\debug\debug.cpp:16 aroly@AROLISG
INFO 2022-08-03 18:32:38,930 Auth info was exported to ./.tmp/auth_info.json api\debug\debug.cpp:14 aroly@AROLISG
ERROR 2022-08-03 18:32:39,107 Unable to open ./www/icon.png api\debug\debug.cpp:16 aroly@AROLISG
ERROR 2022-08-03 18:32:39,117 Unable to open ./www/index.html api\debug\debug.cpp:16 aroly@AROLISG
INFO 2022-08-03 18:32:39,240 Auth info was exported to ./.tmp/auth_info.json api\debug\debug.cpp:14 aroly@AROLISG
ERROR 2022-08-03 18:32:39,408 Unable to open ./www/icon.png api\debug\debug.cpp:16 aroly@AROLISG
ERROR 2022-08-03 18:32:39,418 Unable to open ./www/index.html api\debug\debug.cpp:16 aroly@AROLISG
INFO 2022-08-03 18:32:39,517 Auth info was exported to ./.tmp/auth_info.json api\debug\debug.cpp:14 aroly@AROLISG
ERROR 2022-08-03 18:32:39,681 Unable to open ./www/icon.png api\debug\debug.cpp:16 aroly@AROLISG
ERROR 2022-08-03 18:32:39,728 Unable to open ./www/index.html api\debug\debug.cpp:16 aroly@AROLISG
INFO 2022-08-03 18:32:39,825 Auth info was exported to ./.tmp/auth_info.json api\debug\debug.cpp:14 aroly@AROLISG
ERROR 2022-08-03 18:32:39,996 Unable to open ./www/icon.png api\debug\debug.cpp:16 aroly@AROLISG
ERROR 2022-08-03 18:32:40,005 Unable to open ./www/index.html api\debug\debug.cpp:16 aroly@AROLISG
INFO 2022-08-03 18:32:40,125 Auth info was exported to ./.tmp/auth_info.json api\debug\debug.cpp:14 aroly@AROLISG
ERROR 2022-08-03 18:32:40,301 Unable to open ./www/icon.png api\debug\debug.cpp:16 aroly@AROLISG
ERROR 2022-08-03 18:32:40,314 Unable to open ./www/index.html api\debug\debug.cpp:16 aroly@AROLISG
INFO 2022-08-03 18:32:40,409 Auth info was exported to ./.tmp/auth_info.json api\debug\debug.cpp:14 aroly@AROLISG
ERROR 2022-08-03 18:32:40,587 Unable to open ./www/icon.png api\debug\debug.cpp:16 aroly@AROLISG
ERROR 2022-08-03 18:32:40,621 Unable to open ./www/index.html api\debug\debug.cpp:16 aroly@AROLISG
INFO 2022-08-03 18:32:40,731 Auth info was exported to ./.tmp/auth_info.json api\debug\debug.cpp:14 aroly@AROLISG
ERROR 2022-08-03 18:32:40,906 Unable to open ./www/icon.png api\debug\debug.cpp:16 aroly@AROLISG
ERROR 2022-08-03 18:32:40,918 Unable to open ./www/index.html api\debug\debug.cpp:16 aroly@AROLISG
INFO 2022-08-03 18:32:41,038 Auth info was exported to ./.tmp/auth_info.json api\debug\debug.cpp:14 aroly@AROLISG
ERROR 2022-08-03 18:32:41,224 Unable to open ./www/icon.png api\debug\debug.cpp:16 aroly@AROLISG
ERROR 2022-08-03 18:32:41,227 Unable to open ./www/index.html api\debug\debug.cpp:16 aroly@AROLISG
INFO 2022-08-03 18:32:41,359 Auth info was exported to ./.tmp/auth_info.json api\debug\debug.cpp:14 aroly@AROLISG
ERROR 2022-08-03 18:32:41,535 Unable to open ./www/icon.png api\debug\debug.cpp:16 aroly@AROLISG
INFO 2022-08-03 18:32:41,675 Auth info was exported to ./.tmp/auth_info.json api\debug\debug.cpp:14 aroly@AROLISG
ERROR 2022-08-03 18:32:41,871 Unable to open ./www/icon.png api\debug\debug.cpp:16 aroly@AROLISG
INFO 2022-08-03 18:32:42,005 Auth info was exported to ./.tmp/auth_info.json api\debug\debug.cpp:14 aroly@AROLISG
ERROR 2022-08-03 18:32:42,172 Unable to open ./www/icon.png api\debug\debug.cpp:16 aroly@AROLISG
ERROR 2022-08-03 18:32:42,219 Unable to open ./www/index.html api\debug\debug.cpp:16 aroly@AROLISG
INFO 2022-08-03 18:32:42,319 Auth info was exported to ./.tmp/auth_info.json api\debug\debug.cpp:14 aroly@AROLISG
ERROR 2022-08-03 18:32:42,490 Unable to open ./www/icon.png api\debug\debug.cpp:16 aroly@AROLISG
ERROR 2022-08-03 18:32:42,499 Unable to open ./www/index.html api\debug\debug.cpp:16 aroly@AROLISG
ERROR 2022-08-03 18:32:42,808 Unable to open ./www/index.html api\debug\debug.cpp:16 aroly@AROLISG
INFO 2022-08-03 18:33:40,648 Auth info was exported to ./.tmp/auth_info.json api\debug\debug.cpp:14 aroly@AROLISG
ERROR 2022-08-03 18:33:40,857 Unable to open ./www/icon.png api\debug\debug.cpp:16 aroly@AROLISG
ERROR 2022-08-03 18:33:41,164 Unable to open ./www/index.html api\debug\debug.cpp:16 aroly@AROLISG
INFO 2022-08-03 18:36:31,456 Auth info was exported to ./.tmp/auth_info.json api\debug\debug.cpp:14 aroly@AROLISG
ERROR 2022-08-03 18:36:31,665 Unable to open ./build/icon.png api\debug\debug.cpp:16 aroly@AROLISG
INFO 2022-08-03 18:39:31,070 Auth info was exported to ./.tmp/auth_info.json api\debug\debug.cpp:14 aroly@AROLISG
ERROR 2022-08-03 18:39:31,268 Unable to open ./build/icon.png api\debug\debug.cpp:16 aroly@AROLISG
INFO 2022-08-03 18:41:02,287 Auth info was exported to ./.tmp/auth_info.json api\debug\debug.cpp:14 aroly@AROLISG
ERROR 2022-08-03 18:41:02,486 Unable to open ./build/icon.png api\debug\debug.cpp:16 aroly@AROLISG
INFO 2022-08-03 18:41:14,720 Auth info was exported to ./.tmp/auth_info.json api\debug\debug.cpp:14 aroly@AROLISG
ERROR 2022-08-03 18:41:14,924 Unable to open ./build/icon.png api\debug\debug.cpp:16 aroly@AROLISG
INFO 2022-08-03 18:45:13,158 Auth info was exported to ./.tmp/auth_info.json api\debug\debug.cpp:14 aroly@AROLISG
ERROR 2022-08-03 18:45:13,365 Unable to open ./build/icon.png api\debug\debug.cpp:16 aroly@AROLISG
INFO 2022-08-03 18:55:26,712 Auth info was exported to ./.tmp/auth_info.json api\debug\debug.cpp:14 aroly@AROLISG
ERROR 2022-08-03 18:55:26,923 Unable to open ./build/icon.png api\debug\debug.cpp:16 aroly@AROLISG
INFO 2022-08-03 19:12:48,503 Auth info was exported to ./.tmp/auth_info.json api\debug\debug.cpp:14 aroly@AROLISG
ERROR 2022-08-03 19:12:48,720 Unable to open ./build/icon.png api\debug\debug.cpp:16 aroly@AROLISG
INFO 2022-08-03 19:26:53,980 Auth info was exported to ./.tmp/auth_info.json api\debug\debug.cpp:14 aroly@AROLISG
ERROR 2022-08-03 19:26:54,190 Unable to open ./build/icon.png api\debug\debug.cpp:16 aroly@AROLISG
INFO 2022-08-03 20:17:43,273 Auth info was exported to ./.tmp/auth_info.json api\debug\debug.cpp:14 aroly@AROLISG
ERROR 2022-08-03 20:17:43,486 Unable to open ./build/favicon.png api\debug\debug.cpp:16 aroly@AROLISG
INFO 2022-08-03 20:18:05,825 Auth info was exported to ./.tmp/auth_info.json api\debug\debug.cpp:14 aroly@AROLISG
INFO 2022-08-03 20:28:10,833 Auth info was exported to ./.tmp/auth_info.json api\debug\debug.cpp:14 aroly@AROLISG
INFO 2022-08-03 20:33:40,573 Auth info was exported to ./.tmp/auth_info.json api\debug\debug.cpp:14 aroly@AROLISG
INFO 2022-08-03 20:34:40,606 Auth info was exported to ./.tmp/auth_info.json api\debug\debug.cpp:14 aroly@AROLISG
INFO 2022-08-03 20:34:56,766 Auth info was exported to ./.tmp/auth_info.json api\debug\debug.cpp:14 aroly@AROLISG
INFO 2022-08-03 20:47:22,367 Auth info was exported to ./.tmp/auth_info.json api\debug\debug.cpp:14 aroly@AROLISG
